<?xml version="1.0" encoding="UTF-8"?>
<!-- Generated by org.testng.reporters.JUnitXMLReporter -->
<testsuite hostname="jhanuu" name="Default test" tests="3" failures="0" timestamp="27 Mar 2018 00:03:39 GMT" time="16.569" errors="0">
  <testcase name="alogin_Positive" time="0.012" classname="com.presta.tests.SmokeTest"/>
  <testcase name="login_Negative" time="8.298" classname="com.presta.tests.SmokeTest"/>
  <testcase name="searchProduct" time="3.65" classname="com.presta.tests.SmokeTest"/>
</testsuite> <!-- Default test -->
